2023-03-27 09:42:55,327 INFO    StreamThr :4054 [internal.py:wandb_internal():87] W&B internal server running at pid: 4054, started at: 2023-03-27 09:42:55.326150
2023-03-27 09:42:55,330 DEBUG   HandlerThread:4054 [handler.py:handle_request():144] handle_request: status
2023-03-27 09:42:55,338 INFO    WriterThread:4054 [datastore.py:open_for_write():85] open: /home/antonimestre/Documents/Tesnime/SiameseSSL-master/wandb/run-20230327_094255-g71vumya/run-g71vumya.wandb
2023-03-27 09:42:55,339 DEBUG   SenderThread:4054 [sender.py:send():336] send: header
2023-03-27 09:42:55,342 DEBUG   SenderThread:4054 [sender.py:send():336] send: run
2023-03-27 09:42:58,791 INFO    SenderThread:4054 [retry.py:__call__():172] Retry attempt failed:
Traceback (most recent call last):
  File "/home/antonimestre/.local/lib/python3.8/site-packages/urllib3/connection.py", line 174, in _new_conn
    conn = connection.create_connection(
  File "/home/antonimestre/.local/lib/python3.8/site-packages/urllib3/util/connection.py", line 72, in create_connection
    for res in socket.getaddrinfo(host, port, family, socket.SOCK_STREAM):
  File "/home/antonimestre/anaconda3/lib/python3.8/socket.py", line 918, in getaddrinfo
    for res in _socket.getaddrinfo(host, port, family, type, proto, flags):
socket.gaierror: [Errno -3] Temporary failure in name resolution

During handling of the above exception, another exception occurred:

Traceback (most recent call last):
  File "/home/antonimestre/.local/lib/python3.8/site-packages/urllib3/connectionpool.py", line 703, in urlopen
    httplib_response = self._make_request(
  File "/home/antonimestre/.local/lib/python3.8/site-packages/urllib3/connectionpool.py", line 386, in _make_request
    self._validate_conn(conn)
  File "/home/antonimestre/.local/lib/python3.8/site-packages/urllib3/connectionpool.py", line 1042, in _validate_conn
    conn.connect()
  File "/home/antonimestre/.local/lib/python3.8/site-packages/urllib3/connection.py", line 363, in connect
    self.sock = conn = self._new_conn()
  File "/home/antonimestre/.local/lib/python3.8/site-packages/urllib3/connection.py", line 186, in _new_conn
    raise NewConnectionError(
urllib3.exceptions.NewConnectionError: <urllib3.connection.HTTPSConnection object at 0x7f133fe28640>: Failed to establish a new connection: [Errno -3] Temporary failure in name resolution

During handling of the above exception, another exception occurred:

Traceback (most recent call last):
  File "/home/antonimestre/anaconda3/lib/python3.8/site-packages/requests/adapters.py", line 439, in send
    resp = conn.urlopen(
  File "/home/antonimestre/.local/lib/python3.8/site-packages/urllib3/connectionpool.py", line 787, in urlopen
    retries = retries.increment(
  File "/home/antonimestre/.local/lib/python3.8/site-packages/urllib3/util/retry.py", line 592, in increment
    raise MaxRetryError(_pool, url, error or ResponseError(cause))
urllib3.exceptions.MaxRetryError: HTTPSConnectionPool(host='api.wandb.ai', port=443): Max retries exceeded with url: /graphql (Caused by NewConnectionError('<urllib3.connection.HTTPSConnection object at 0x7f133fe28640>: Failed to establish a new connection: [Errno -3] Temporary failure in name resolution'))

During handling of the above exception, another exception occurred:

Traceback (most recent call last):
  File "/home/antonimestre/.local/lib/python3.8/site-packages/wandb/sdk/lib/retry.py", line 131, in __call__
    result = self._call_fn(*args, **kwargs)
  File "/home/antonimestre/.local/lib/python3.8/site-packages/wandb/sdk/internal/internal_api.py", line 243, in execute
    return self.client.execute(*args, **kwargs)  # type: ignore
  File "/home/antonimestre/.local/lib/python3.8/site-packages/wandb/vendor/gql-0.2.0/wandb_gql/client.py", line 52, in execute
    result = self._get_result(document, *args, **kwargs)
  File "/home/antonimestre/.local/lib/python3.8/site-packages/wandb/vendor/gql-0.2.0/wandb_gql/client.py", line 60, in _get_result
    return self.transport.execute(document, *args, **kwargs)
  File "/home/antonimestre/.local/lib/python3.8/site-packages/wandb/vendor/gql-0.2.0/wandb_gql/transport/requests.py", line 38, in execute
    request = requests.post(self.url, **post_args)
  File "/home/antonimestre/anaconda3/lib/python3.8/site-packages/requests/api.py", line 119, in post
    return request('post', url, data=data, json=json, **kwargs)
  File "/home/antonimestre/anaconda3/lib/python3.8/site-packages/requests/api.py", line 61, in request
    return session.request(method=method, url=url, **kwargs)
  File "/home/antonimestre/anaconda3/lib/python3.8/site-packages/requests/sessions.py", line 542, in request
    resp = self.send(prep, **send_kwargs)
  File "/home/antonimestre/anaconda3/lib/python3.8/site-packages/requests/sessions.py", line 655, in send
    r = adapter.send(request, **kwargs)
  File "/home/antonimestre/anaconda3/lib/python3.8/site-packages/requests/adapters.py", line 516, in send
    raise ConnectionError(e, request=request)
requests.exceptions.ConnectionError: HTTPSConnectionPool(host='api.wandb.ai', port=443): Max retries exceeded with url: /graphql (Caused by NewConnectionError('<urllib3.connection.HTTPSConnection object at 0x7f133fe28640>: Failed to establish a new connection: [Errno -3] Temporary failure in name resolution'))
2023-03-27 09:43:00,341 DEBUG   HandlerThread:4054 [handler.py:handle_request():144] handle_request: keepalive
2023-03-27 09:43:05,343 DEBUG   HandlerThread:4054 [handler.py:handle_request():144] handle_request: keepalive
2023-03-27 09:43:12,247 DEBUG   HandlerThread:4054 [handler.py:handle_request():144] handle_request: keepalive
2023-03-27 09:43:12,450 INFO    SenderThread:4054 [dir_watcher.py:__init__():219] watching files in: /home/antonimestre/Documents/Tesnime/SiameseSSL-master/wandb/run-20230327_094255-g71vumya/files
2023-03-27 09:43:12,451 INFO    SenderThread:4054 [sender.py:_start_run_threads():1078] run started: g71vumya with start time 1679902975.324611
2023-03-27 09:43:12,451 DEBUG   SenderThread:4054 [sender.py:send_request():363] send_request: summary_record
2023-03-27 09:43:12,451 DEBUG   HandlerThread:4054 [handler.py:handle_request():144] handle_request: status_report
2023-03-27 09:43:12,452 INFO    SenderThread:4054 [sender.py:_save_file():1332] saving file wandb-summary.json with policy end
2023-03-27 09:43:12,462 DEBUG   HandlerThread:4054 [handler.py:handle_request():144] handle_request: check_version
2023-03-27 09:43:12,463 DEBUG   SenderThread:4054 [sender.py:send_request():363] send_request: check_version
2023-03-27 09:43:12,579 DEBUG   HandlerThread:4054 [handler.py:handle_request():144] handle_request: run_start
2023-03-27 09:43:12,584 DEBUG   HandlerThread:4054 [system_info.py:__init__():31] System info init
2023-03-27 09:43:12,584 DEBUG   HandlerThread:4054 [system_info.py:__init__():46] System info init done
2023-03-27 09:43:12,584 INFO    HandlerThread:4054 [system_monitor.py:start():183] Starting system monitor
2023-03-27 09:43:12,584 INFO    SystemMonitor:4054 [system_monitor.py:_start():147] Starting system asset monitoring threads
2023-03-27 09:43:12,585 INFO    HandlerThread:4054 [system_monitor.py:probe():204] Collecting system info
2023-03-27 09:43:12,585 INFO    SystemMonitor:4054 [interfaces.py:start():187] Started cpu monitoring
2023-03-27 09:43:12,586 INFO    SystemMonitor:4054 [interfaces.py:start():187] Started disk monitoring
2023-03-27 09:43:12,588 INFO    SystemMonitor:4054 [interfaces.py:start():187] Started gpu monitoring
2023-03-27 09:43:12,589 INFO    SystemMonitor:4054 [interfaces.py:start():187] Started memory monitoring
2023-03-27 09:43:12,591 INFO    SystemMonitor:4054 [interfaces.py:start():187] Started network monitoring
2023-03-27 09:43:13,326 DEBUG   HandlerThread:4054 [system_info.py:probe():195] Probing system
2023-03-27 09:43:13,333 DEBUG   HandlerThread:4054 [git.py:repo():40] git repository is invalid
2023-03-27 09:43:13,333 DEBUG   HandlerThread:4054 [system_info.py:probe():240] Probing system done
2023-03-27 09:43:13,333 DEBUG   HandlerThread:4054 [system_monitor.py:probe():213] {'os': 'Linux-5.15.0-67-generic-x86_64-with-glibc2.10', 'python': '3.8.8', 'heartbeatAt': '2023-03-27T07:43:13.326548', 'startedAt': '2023-03-27T07:42:55.307234', 'docker': None, 'cuda': None, 'args': ('-c', 'dtsiamese_ssl_test', '-o', '/home/antonimestre/Documents/Tesnime/SiameseSSL-master/SpaceNet7/output', '-d', '/home/antonimestre/Documents/Tesnime/SiameseSSL-master/SpaceNet7'), 'state': 'running', 'program': 'train_semisupervised_dualtask.py', 'codePath': 'train_semisupervised_dualtask.py', 'host': 'lambda-isi', 'username': 'antonimestre', 'executable': '/home/antonimestre/anaconda3/bin/python', 'cpu_count': 18, 'cpu_count_logical': 36, 'cpu_freq': {'current': 1552.8714444444443, 'min': 1200.0, 'max': 4633.333333333333}, 'cpu_freq_per_core': [{'current': 4480.193, 'min': 1200.0, 'max': 4800.0}, {'current': 1200.238, 'min': 1200.0, 'max': 4600.0}, {'current': 1200.205, 'min': 1200.0, 'max': 4600.0}, {'current': 1200.066, 'min': 1200.0, 'max': 4600.0}, {'current': 1200.145, 'min': 1200.0, 'max': 4600.0}, {'current': 1200.174, 'min': 1200.0, 'max': 4600.0}, {'current': 1200.089, 'min': 1200.0, 'max': 4600.0}, {'current': 1200.071, 'min': 1200.0, 'max': 4700.0}, {'current': 1200.056, 'min': 1200.0, 'max': 4600.0}, {'current': 1200.046, 'min': 1200.0, 'max': 4600.0}, {'current': 1200.039, 'min': 1200.0, 'max': 4600.0}, {'current': 4478.635, 'min': 1200.0, 'max': 4800.0}, {'current': 1200.05, 'min': 1200.0, 'max': 4600.0}, {'current': 1200.161, 'min': 1200.0, 'max': 4600.0}, {'current': 1200.134, 'min': 1200.0, 'max': 4600.0}, {'current': 1200.213, 'min': 1200.0, 'max': 4600.0}, {'current': 1200.21, 'min': 1200.0, 'max': 4600.0}, {'current': 1200.099, 'min': 1200.0, 'max': 4700.0}, {'current': 4477.983, 'min': 1200.0, 'max': 4800.0}, {'current': 1200.918, 'min': 1200.0, 'max': 4600.0}, {'current': 1200.067, 'min': 1200.0, 'max': 4600.0}, {'current': 1200.141, 'min': 1200.0, 'max': 4600.0}, {'current': 1201.098, 'min': 1200.0, 'max': 4600.0}, {'current': 1200.158, 'min': 1200.0, 'max': 4600.0}, {'current': 1201.118, 'min': 1200.0, 'max': 4600.0}, {'current': 1201.914, 'min': 1200.0, 'max': 4700.0}, {'current': 1202.296, 'min': 1200.0, 'max': 4600.0}, {'current': 1200.665, 'min': 1200.0, 'max': 4600.0}, {'current': 1200.622, 'min': 1200.0, 'max': 4600.0}, {'current': 4498.42, 'min': 1200.0, 'max': 4800.0}, {'current': 1201.735, 'min': 1200.0, 'max': 4600.0}, {'current': 1200.323, 'min': 1200.0, 'max': 4600.0}, {'current': 1201.496, 'min': 1200.0, 'max': 4600.0}, {'current': 1200.381, 'min': 1200.0, 'max': 4600.0}, {'current': 1200.594, 'min': 1200.0, 'max': 4600.0}, {'current': 1200.527, 'min': 1200.0, 'max': 4700.0}], 'disk': {'total': 1832.2072448730469, 'used': 1471.6564598083496}, 'gpu': 'NVIDIA RTX A6000', 'gpu_count': 2, 'gpu_devices': [{'name': 'NVIDIA RTX A6000', 'memory_total': 51050315776}, {'name': 'NVIDIA RTX A6000', 'memory_total': 51047038976}], 'memory': {'total': 251.3927459716797}}
2023-03-27 09:43:13,334 INFO    HandlerThread:4054 [system_monitor.py:probe():214] Finished collecting system info
2023-03-27 09:43:13,334 INFO    HandlerThread:4054 [system_monitor.py:probe():217] Publishing system info
2023-03-27 09:43:13,334 DEBUG   HandlerThread:4054 [system_info.py:_save_pip():51] Saving list of pip packages installed into the current environment
2023-03-27 09:43:13,335 DEBUG   HandlerThread:4054 [system_info.py:_save_pip():67] Saving pip packages done
2023-03-27 09:43:13,335 DEBUG   HandlerThread:4054 [system_info.py:_save_conda():74] Saving list of conda packages installed into the current environment
2023-03-27 09:43:13,455 INFO    Thread-13 :4054 [dir_watcher.py:_on_file_created():278] file/dir created: /home/antonimestre/Documents/Tesnime/SiameseSSL-master/wandb/run-20230327_094255-g71vumya/files/conda-environment.yaml
2023-03-27 09:43:13,456 INFO    Thread-13 :4054 [dir_watcher.py:_on_file_created():278] file/dir created: /home/antonimestre/Documents/Tesnime/SiameseSSL-master/wandb/run-20230327_094255-g71vumya/files/requirements.txt
2023-03-27 09:43:13,456 INFO    Thread-13 :4054 [dir_watcher.py:_on_file_created():278] file/dir created: /home/antonimestre/Documents/Tesnime/SiameseSSL-master/wandb/run-20230327_094255-g71vumya/files/wandb-summary.json
2023-03-27 09:43:17,574 DEBUG   HandlerThread:4054 [system_info.py:_save_conda():86] Saving conda packages done
2023-03-27 09:43:17,576 INFO    HandlerThread:4054 [system_monitor.py:probe():219] Finished publishing system info
2023-03-27 09:43:17,596 DEBUG   HandlerThread:4054 [handler.py:handle_request():144] handle_request: status_report
2023-03-27 09:43:17,596 DEBUG   HandlerThread:4054 [handler.py:handle_request():144] handle_request: keepalive
2023-03-27 09:43:17,597 DEBUG   SenderThread:4054 [sender.py:send():336] send: files
2023-03-27 09:43:17,597 INFO    SenderThread:4054 [sender.py:_save_file():1332] saving file wandb-metadata.json with policy now
2023-03-27 09:43:17,605 DEBUG   HandlerThread:4054 [handler.py:handle_request():144] handle_request: stop_status
2023-03-27 09:43:17,606 DEBUG   SenderThread:4054 [sender.py:send_request():363] send_request: stop_status
2023-03-27 09:43:17,797 DEBUG   SenderThread:4054 [sender.py:send():336] send: telemetry
2023-03-27 09:43:18,230 INFO    wandb-upload_0:4054 [upload_job.py:push():138] Uploaded file /tmp/tmpeftfx44iwandb/s7s5orbw-wandb-metadata.json
2023-03-27 09:43:18,454 INFO    Thread-13 :4054 [dir_watcher.py:_on_file_modified():295] file/dir modified: /home/antonimestre/Documents/Tesnime/SiameseSSL-master/wandb/run-20230327_094255-g71vumya/files/conda-environment.yaml
2023-03-27 09:43:18,455 INFO    Thread-13 :4054 [dir_watcher.py:_on_file_created():278] file/dir created: /home/antonimestre/Documents/Tesnime/SiameseSSL-master/wandb/run-20230327_094255-g71vumya/files/wandb-metadata.json
2023-03-27 09:43:18,455 INFO    Thread-13 :4054 [dir_watcher.py:_on_file_created():278] file/dir created: /home/antonimestre/Documents/Tesnime/SiameseSSL-master/wandb/run-20230327_094255-g71vumya/files/output.log
2023-03-27 09:43:19,497 DEBUG   SenderThread:4054 [sender.py:send():336] send: exit
2023-03-27 09:43:19,497 INFO    SenderThread:4054 [sender.py:send_exit():559] handling exit code: 1
2023-03-27 09:43:19,497 INFO    SenderThread:4054 [sender.py:send_exit():561] handling runtime: 6
2023-03-27 09:43:19,499 INFO    SenderThread:4054 [sender.py:_save_file():1332] saving file wandb-summary.json with policy end
2023-03-27 09:43:19,499 INFO    SenderThread:4054 [sender.py:send_exit():567] send defer
2023-03-27 09:43:19,499 DEBUG   HandlerThread:4054 [handler.py:handle_request():144] handle_request: defer
2023-03-27 09:43:19,499 INFO    HandlerThread:4054 [handler.py:handle_request_defer():170] handle defer: 0
2023-03-27 09:43:19,500 DEBUG   SenderThread:4054 [sender.py:send_request():363] send_request: defer
2023-03-27 09:43:19,500 INFO    SenderThread:4054 [sender.py:send_request_defer():583] handle sender defer: 0
2023-03-27 09:43:19,500 INFO    SenderThread:4054 [sender.py:transition_state():587] send defer: 1
2023-03-27 09:43:19,500 DEBUG   HandlerThread:4054 [handler.py:handle_request():144] handle_request: defer
2023-03-27 09:43:19,500 INFO    HandlerThread:4054 [handler.py:handle_request_defer():170] handle defer: 1
2023-03-27 09:43:19,500 DEBUG   SenderThread:4054 [sender.py:send_request():363] send_request: defer
2023-03-27 09:43:19,500 INFO    SenderThread:4054 [sender.py:send_request_defer():583] handle sender defer: 1
2023-03-27 09:43:19,500 INFO    SenderThread:4054 [sender.py:transition_state():587] send defer: 2
2023-03-27 09:43:19,500 DEBUG   HandlerThread:4054 [handler.py:handle_request():144] handle_request: defer
2023-03-27 09:43:19,500 INFO    HandlerThread:4054 [handler.py:handle_request_defer():170] handle defer: 2
2023-03-27 09:43:19,500 INFO    HandlerThread:4054 [system_monitor.py:finish():193] Stopping system monitor
2023-03-27 09:43:19,501 DEBUG   SystemMonitor:4054 [system_monitor.py:_start():161] Starting system metrics aggregation loop
2023-03-27 09:43:19,501 DEBUG   SystemMonitor:4054 [system_monitor.py:_start():168] Finished system metrics aggregation loop
2023-03-27 09:43:19,501 DEBUG   SystemMonitor:4054 [system_monitor.py:_start():172] Publishing last batch of metrics
2023-03-27 09:43:19,502 INFO    HandlerThread:4054 [interfaces.py:finish():199] Joined cpu monitor
2023-03-27 09:43:19,502 INFO    HandlerThread:4054 [interfaces.py:finish():199] Joined disk monitor
2023-03-27 09:43:19,614 INFO    HandlerThread:4054 [interfaces.py:finish():199] Joined gpu monitor
2023-03-27 09:43:19,614 INFO    HandlerThread:4054 [interfaces.py:finish():199] Joined memory monitor
2023-03-27 09:43:19,614 INFO    HandlerThread:4054 [interfaces.py:finish():199] Joined network monitor
2023-03-27 09:43:19,615 DEBUG   SenderThread:4054 [sender.py:send_request():363] send_request: defer
2023-03-27 09:43:19,615 INFO    SenderThread:4054 [sender.py:send_request_defer():583] handle sender defer: 2
2023-03-27 09:43:19,615 INFO    SenderThread:4054 [sender.py:transition_state():587] send defer: 3
2023-03-27 09:43:19,615 DEBUG   SenderThread:4054 [sender.py:send():336] send: stats
2023-03-27 09:43:19,615 DEBUG   HandlerThread:4054 [handler.py:handle_request():144] handle_request: defer
2023-03-27 09:43:19,616 INFO    HandlerThread:4054 [handler.py:handle_request_defer():170] handle defer: 3
2023-03-27 09:43:19,616 DEBUG   SenderThread:4054 [sender.py:send_request():363] send_request: defer
2023-03-27 09:43:19,616 INFO    SenderThread:4054 [sender.py:send_request_defer():583] handle sender defer: 3
2023-03-27 09:43:19,616 INFO    SenderThread:4054 [sender.py:transition_state():587] send defer: 4
2023-03-27 09:43:19,616 DEBUG   HandlerThread:4054 [handler.py:handle_request():144] handle_request: defer
2023-03-27 09:43:19,616 INFO    HandlerThread:4054 [handler.py:handle_request_defer():170] handle defer: 4
2023-03-27 09:43:19,617 DEBUG   SenderThread:4054 [sender.py:send_request():363] send_request: defer
2023-03-27 09:43:19,617 INFO    SenderThread:4054 [sender.py:send_request_defer():583] handle sender defer: 4
2023-03-27 09:43:19,617 INFO    SenderThread:4054 [sender.py:transition_state():587] send defer: 5
2023-03-27 09:43:19,617 DEBUG   HandlerThread:4054 [handler.py:handle_request():144] handle_request: defer
2023-03-27 09:43:19,617 INFO    HandlerThread:4054 [handler.py:handle_request_defer():170] handle defer: 5
2023-03-27 09:43:19,617 DEBUG   SenderThread:4054 [sender.py:send():336] send: summary
2023-03-27 09:43:19,618 INFO    SenderThread:4054 [sender.py:_save_file():1332] saving file wandb-summary.json with policy end
2023-03-27 09:43:19,618 DEBUG   SenderThread:4054 [sender.py:send_request():363] send_request: defer
2023-03-27 09:43:19,618 INFO    SenderThread:4054 [sender.py:send_request_defer():583] handle sender defer: 5
2023-03-27 09:43:19,618 INFO    SenderThread:4054 [sender.py:transition_state():587] send defer: 6
2023-03-27 09:43:19,618 DEBUG   HandlerThread:4054 [handler.py:handle_request():144] handle_request: defer
2023-03-27 09:43:19,618 INFO    HandlerThread:4054 [handler.py:handle_request_defer():170] handle defer: 6
2023-03-27 09:43:19,619 DEBUG   SenderThread:4054 [sender.py:send_request():363] send_request: defer
2023-03-27 09:43:19,619 INFO    SenderThread:4054 [sender.py:send_request_defer():583] handle sender defer: 6
2023-03-27 09:43:19,625 DEBUG   HandlerThread:4054 [handler.py:handle_request():144] handle_request: status_report
2023-03-27 09:43:20,210 INFO    SenderThread:4054 [sender.py:transition_state():587] send defer: 7
2023-03-27 09:43:20,210 DEBUG   HandlerThread:4054 [handler.py:handle_request():144] handle_request: defer
2023-03-27 09:43:20,211 INFO    HandlerThread:4054 [handler.py:handle_request_defer():170] handle defer: 7
2023-03-27 09:43:20,211 DEBUG   SenderThread:4054 [sender.py:send_request():363] send_request: defer
2023-03-27 09:43:20,211 INFO    SenderThread:4054 [sender.py:send_request_defer():583] handle sender defer: 7
2023-03-27 09:43:20,455 INFO    Thread-13 :4054 [dir_watcher.py:_on_file_modified():295] file/dir modified: /home/antonimestre/Documents/Tesnime/SiameseSSL-master/wandb/run-20230327_094255-g71vumya/files/config.yaml
2023-03-27 09:43:20,455 INFO    Thread-13 :4054 [dir_watcher.py:_on_file_modified():295] file/dir modified: /home/antonimestre/Documents/Tesnime/SiameseSSL-master/wandb/run-20230327_094255-g71vumya/files/wandb-summary.json
2023-03-27 09:43:20,456 INFO    Thread-13 :4054 [dir_watcher.py:_on_file_modified():295] file/dir modified: /home/antonimestre/Documents/Tesnime/SiameseSSL-master/wandb/run-20230327_094255-g71vumya/files/output.log
2023-03-27 09:43:20,498 DEBUG   HandlerThread:4054 [handler.py:handle_request():144] handle_request: poll_exit
2023-03-27 09:43:22,456 INFO    Thread-13 :4054 [dir_watcher.py:_on_file_modified():295] file/dir modified: /home/antonimestre/Documents/Tesnime/SiameseSSL-master/wandb/run-20230327_094255-g71vumya/files/output.log
2023-03-27 09:43:23,884 INFO    SenderThread:4054 [sender.py:transition_state():587] send defer: 8
2023-03-27 09:43:23,884 DEBUG   SenderThread:4054 [sender.py:send_request():363] send_request: poll_exit
2023-03-27 09:43:23,884 DEBUG   HandlerThread:4054 [handler.py:handle_request():144] handle_request: defer
2023-03-27 09:43:23,885 INFO    HandlerThread:4054 [handler.py:handle_request_defer():170] handle defer: 8
2023-03-27 09:43:23,885 DEBUG   SenderThread:4054 [sender.py:send_request():363] send_request: defer
2023-03-27 09:43:23,886 INFO    SenderThread:4054 [sender.py:send_request_defer():583] handle sender defer: 8
2023-03-27 09:43:23,886 INFO    SenderThread:4054 [sender.py:transition_state():587] send defer: 9
2023-03-27 09:43:23,886 DEBUG   HandlerThread:4054 [handler.py:handle_request():144] handle_request: defer
2023-03-27 09:43:23,886 INFO    HandlerThread:4054 [handler.py:handle_request_defer():170] handle defer: 9
2023-03-27 09:43:23,887 DEBUG   SenderThread:4054 [sender.py:send_request():363] send_request: defer
2023-03-27 09:43:23,887 INFO    SenderThread:4054 [sender.py:send_request_defer():583] handle sender defer: 9
2023-03-27 09:43:23,887 INFO    SenderThread:4054 [dir_watcher.py:finish():365] shutting down directory watcher
2023-03-27 09:43:24,457 INFO    Thread-13 :4054 [dir_watcher.py:_on_file_modified():295] file/dir modified: /home/antonimestre/Documents/Tesnime/SiameseSSL-master/wandb/run-20230327_094255-g71vumya/files/output.log
2023-03-27 09:43:24,458 INFO    SenderThread:4054 [dir_watcher.py:finish():395] scan: /home/antonimestre/Documents/Tesnime/SiameseSSL-master/wandb/run-20230327_094255-g71vumya/files
2023-03-27 09:43:24,458 INFO    SenderThread:4054 [dir_watcher.py:finish():409] scan save: /home/antonimestre/Documents/Tesnime/SiameseSSL-master/wandb/run-20230327_094255-g71vumya/files/output.log output.log
2023-03-27 09:43:24,459 INFO    SenderThread:4054 [dir_watcher.py:finish():409] scan save: /home/antonimestre/Documents/Tesnime/SiameseSSL-master/wandb/run-20230327_094255-g71vumya/files/requirements.txt requirements.txt
2023-03-27 09:43:24,459 INFO    SenderThread:4054 [dir_watcher.py:finish():409] scan save: /home/antonimestre/Documents/Tesnime/SiameseSSL-master/wandb/run-20230327_094255-g71vumya/files/wandb-metadata.json wandb-metadata.json
2023-03-27 09:43:24,459 INFO    SenderThread:4054 [dir_watcher.py:finish():409] scan save: /home/antonimestre/Documents/Tesnime/SiameseSSL-master/wandb/run-20230327_094255-g71vumya/files/wandb-summary.json wandb-summary.json
2023-03-27 09:43:24,470 INFO    SenderThread:4054 [dir_watcher.py:finish():409] scan save: /home/antonimestre/Documents/Tesnime/SiameseSSL-master/wandb/run-20230327_094255-g71vumya/files/config.yaml config.yaml
2023-03-27 09:43:24,471 INFO    SenderThread:4054 [dir_watcher.py:finish():409] scan save: /home/antonimestre/Documents/Tesnime/SiameseSSL-master/wandb/run-20230327_094255-g71vumya/files/conda-environment.yaml conda-environment.yaml
2023-03-27 09:43:24,477 INFO    SenderThread:4054 [sender.py:transition_state():587] send defer: 10
2023-03-27 09:43:24,484 DEBUG   HandlerThread:4054 [handler.py:handle_request():144] handle_request: defer
2023-03-27 09:43:24,484 INFO    HandlerThread:4054 [handler.py:handle_request_defer():170] handle defer: 10
2023-03-27 09:43:24,490 DEBUG   SenderThread:4054 [sender.py:send_request():363] send_request: defer
2023-03-27 09:43:24,490 INFO    SenderThread:4054 [sender.py:send_request_defer():583] handle sender defer: 10
2023-03-27 09:43:24,491 INFO    SenderThread:4054 [file_pusher.py:finish():164] shutting down file pusher
2023-03-27 09:43:25,027 INFO    wandb-upload_1:4054 [upload_job.py:push():138] Uploaded file /home/antonimestre/Documents/Tesnime/SiameseSSL-master/wandb/run-20230327_094255-g71vumya/files/requirements.txt
2023-03-27 09:43:25,128 INFO    wandb-upload_2:4054 [upload_job.py:push():138] Uploaded file /home/antonimestre/Documents/Tesnime/SiameseSSL-master/wandb/run-20230327_094255-g71vumya/files/wandb-summary.json
2023-03-27 09:43:25,160 INFO    wandb-upload_4:4054 [upload_job.py:push():138] Uploaded file /home/antonimestre/Documents/Tesnime/SiameseSSL-master/wandb/run-20230327_094255-g71vumya/files/conda-environment.yaml
2023-03-27 09:43:25,402 INFO    wandb-upload_0:4054 [upload_job.py:push():138] Uploaded file /home/antonimestre/Documents/Tesnime/SiameseSSL-master/wandb/run-20230327_094255-g71vumya/files/output.log
2023-03-27 09:43:25,434 INFO    wandb-upload_3:4054 [upload_job.py:push():138] Uploaded file /home/antonimestre/Documents/Tesnime/SiameseSSL-master/wandb/run-20230327_094255-g71vumya/files/config.yaml
2023-03-27 09:43:25,499 DEBUG   HandlerThread:4054 [handler.py:handle_request():144] handle_request: keepalive
2023-03-27 09:43:25,634 INFO    Thread-12 :4054 [sender.py:transition_state():587] send defer: 11
2023-03-27 09:43:25,635 DEBUG   HandlerThread:4054 [handler.py:handle_request():144] handle_request: defer
2023-03-27 09:43:25,635 INFO    HandlerThread:4054 [handler.py:handle_request_defer():170] handle defer: 11
2023-03-27 09:43:25,636 DEBUG   SenderThread:4054 [sender.py:send_request():363] send_request: defer
2023-03-27 09:43:25,636 INFO    SenderThread:4054 [sender.py:send_request_defer():583] handle sender defer: 11
2023-03-27 09:43:25,636 INFO    SenderThread:4054 [file_pusher.py:join():169] waiting for file pusher
2023-03-27 09:43:25,636 INFO    SenderThread:4054 [sender.py:transition_state():587] send defer: 12
2023-03-27 09:43:25,636 DEBUG   HandlerThread:4054 [handler.py:handle_request():144] handle_request: defer
2023-03-27 09:43:25,636 INFO    HandlerThread:4054 [handler.py:handle_request_defer():170] handle defer: 12
2023-03-27 09:43:25,637 DEBUG   SenderThread:4054 [sender.py:send_request():363] send_request: defer
2023-03-27 09:43:25,637 INFO    SenderThread:4054 [sender.py:send_request_defer():583] handle sender defer: 12
2023-03-27 09:43:25,790 INFO    SenderThread:4054 [sender.py:transition_state():587] send defer: 13
2023-03-27 09:43:25,791 DEBUG   HandlerThread:4054 [handler.py:handle_request():144] handle_request: defer
2023-03-27 09:43:25,791 INFO    HandlerThread:4054 [handler.py:handle_request_defer():170] handle defer: 13
2023-03-27 09:43:25,791 DEBUG   SenderThread:4054 [sender.py:send_request():363] send_request: defer
2023-03-27 09:43:25,791 INFO    SenderThread:4054 [sender.py:send_request_defer():583] handle sender defer: 13
2023-03-27 09:43:25,792 INFO    SenderThread:4054 [sender.py:transition_state():587] send defer: 14
2023-03-27 09:43:25,792 DEBUG   HandlerThread:4054 [handler.py:handle_request():144] handle_request: defer
2023-03-27 09:43:25,793 DEBUG   SenderThread:4054 [sender.py:send():336] send: final
2023-03-27 09:43:25,793 INFO    HandlerThread:4054 [handler.py:handle_request_defer():170] handle defer: 14
2023-03-27 09:43:25,793 DEBUG   SenderThread:4054 [sender.py:send():336] send: footer
2023-03-27 09:43:25,793 DEBUG   SenderThread:4054 [sender.py:send_request():363] send_request: defer
2023-03-27 09:43:25,793 INFO    SenderThread:4054 [sender.py:send_request_defer():583] handle sender defer: 14
2023-03-27 09:43:25,794 DEBUG   HandlerThread:4054 [handler.py:handle_request():144] handle_request: poll_exit
2023-03-27 09:43:25,795 DEBUG   SenderThread:4054 [sender.py:send_request():363] send_request: poll_exit
2023-03-27 09:43:25,795 DEBUG   HandlerThread:4054 [handler.py:handle_request():144] handle_request: server_info
2023-03-27 09:43:25,796 DEBUG   SenderThread:4054 [sender.py:send_request():363] send_request: server_info
2023-03-27 09:43:25,800 DEBUG   HandlerThread:4054 [handler.py:handle_request():144] handle_request: get_summary
2023-03-27 09:43:25,801 DEBUG   HandlerThread:4054 [handler.py:handle_request():144] handle_request: sampled_history
2023-03-27 09:43:26,167 INFO    MainThread:4054 [wandb_run.py:_footer_history_summary_info():3422] rendering history
2023-03-27 09:43:26,167 INFO    MainThread:4054 [wandb_run.py:_footer_history_summary_info():3454] rendering summary
2023-03-27 09:43:26,167 INFO    MainThread:4054 [wandb_run.py:_footer_sync_info():3380] logging synced files
2023-03-27 09:43:26,168 DEBUG   HandlerThread:4054 [handler.py:handle_request():144] handle_request: shutdown
2023-03-27 09:43:26,168 INFO    HandlerThread:4054 [handler.py:finish():842] shutting down handler
2023-03-27 09:43:26,796 INFO    WriterThread:4054 [datastore.py:close():298] close: /home/antonimestre/Documents/Tesnime/SiameseSSL-master/wandb/run-20230327_094255-g71vumya/run-g71vumya.wandb
2023-03-27 09:43:27,167 INFO    SenderThread:4054 [sender.py:finish():1504] shutting down sender
2023-03-27 09:43:27,167 INFO    SenderThread:4054 [file_pusher.py:finish():164] shutting down file pusher
2023-03-27 09:43:27,167 INFO    SenderThread:4054 [file_pusher.py:join():169] waiting for file pusher
